<?xml version="1.0" encoding="UTF-8"?>
<testng-results skipped="0" failed="0" ignored="0" total="1" passed="1">
  <reporter-output>
  </reporter-output>
  <suite name="Default suite" duration-ms="85556" started-at="2020-10-26T14:09:07 IST" finished-at="2020-10-26T14:10:33 IST">
    <groups>
    </groups>
    <test name="Default test" duration-ms="85556" started-at="2020-10-26T14:09:07 IST" finished-at="2020-10-26T14:10:33 IST">
      <class name="test.VerifyTranscation">
        <test-method status="PASS" signature="beforeTest()[pri:0, instance:test.VerifyTranscation@19627bc]" name="beforeTest" is-config="true" duration-ms="17741" started-at="2020-10-26T14:09:07 IST" finished-at="2020-10-26T14:09:25 IST">
          <reporter-output>
          </reporter-output>
        </test-method> <!-- beforeTest -->
        <test-method status="PASS" signature="VerifySuccessfullTranscation()[pri:0, instance:test.VerifyTranscation@19627bc]" name="VerifySuccessfullTranscation" duration-ms="67785" started-at="2020-10-26T14:09:25 IST" finished-at="2020-10-26T14:10:33 IST">
          <reporter-output>
          </reporter-output>
        </test-method> <!-- VerifySuccessfullTranscation -->
        <test-method status="PASS" signature="afterTest()[pri:0, instance:test.VerifyTranscation@19627bc]" name="afterTest" is-config="true" duration-ms="0" started-at="2020-10-26T14:10:33 IST" finished-at="2020-10-26T14:10:33 IST">
          <reporter-output>
          </reporter-output>
        </test-method> <!-- afterTest -->
      </class> <!-- test.VerifyTranscation -->
    </test> <!-- Default test -->
  </suite> <!-- Default suite -->
</testng-results>
